Started GET "/" for 127.0.0.1 at 2017-10-09 19:52:11 -0400
  
ActiveRecord::NoDatabaseError (FATAL:  database "reservster_development" does not exist
):
  
activerecord (5.1.4) lib/active_record/connection_adapters/postgresql_adapter.rb:699:in `rescue in connect'
activerecord (5.1.4) lib/active_record/connection_adapters/postgresql_adapter.rb:695:in `connect'
activerecord (5.1.4) lib/active_record/connection_adapters/postgresql_adapter.rb:220:in `initialize'
activerecord (5.1.4) lib/active_record/connection_adapters/postgresql_adapter.rb:38:in `new'
activerecord (5.1.4) lib/active_record/connection_adapters/postgresql_adapter.rb:38:in `postgresql_connection'
activerecord (5.1.4) lib/active_record/connection_adapters/abstract/connection_pool.rb:759:in `new_connection'
activerecord (5.1.4) lib/active_record/connection_adapters/abstract/connection_pool.rb:803:in `checkout_new_connection'
activerecord (5.1.4) lib/active_record/connection_adapters/abstract/connection_pool.rb:782:in `try_to_checkout_new_connection'
activerecord (5.1.4) lib/active_record/connection_adapters/abstract/connection_pool.rb:743:in `acquire_connection'
activerecord (5.1.4) lib/active_record/connection_adapters/abstract/connection_pool.rb:500:in `checkout'
activerecord (5.1.4) lib/active_record/connection_adapters/abstract/connection_pool.rb:374:in `connection'
activerecord (5.1.4) lib/active_record/connection_adapters/abstract/connection_pool.rb:931:in `retrieve_connection'
activerecord (5.1.4) lib/active_record/connection_handling.rb:116:in `retrieve_connection'
activerecord (5.1.4) lib/active_record/connection_handling.rb:88:in `connection'
activerecord (5.1.4) lib/active_record/migration.rb:562:in `connection'
activerecord (5.1.4) lib/active_record/migration.rb:553:in `call'
actionpack (5.1.4) lib/action_dispatch/middleware/callbacks.rb:26:in `block in call'
activesupport (5.1.4) lib/active_support/callbacks.rb:97:in `run_callbacks'
actionpack (5.1.4) lib/action_dispatch/middleware/callbacks.rb:24:in `call'
actionpack (5.1.4) lib/action_dispatch/middleware/executor.rb:12:in `call'
actionpack (5.1.4) lib/action_dispatch/middleware/debug_exceptions.rb:59:in `call'
web-console (3.5.1) lib/web_console/middleware.rb:135:in `call_app'
web-console (3.5.1) lib/web_console/middleware.rb:28:in `block in call'
web-console (3.5.1) lib/web_console/middleware.rb:18:in `catch'
web-console (3.5.1) lib/web_console/middleware.rb:18:in `call'
actionpack (5.1.4) lib/action_dispatch/middleware/show_exceptions.rb:31:in `call'
railties (5.1.4) lib/rails/rack/logger.rb:36:in `call_app'
railties (5.1.4) lib/rails/rack/logger.rb:24:in `block in call'
activesupport (5.1.4) lib/active_support/tagged_logging.rb:69:in `block in tagged'
activesupport (5.1.4) lib/active_support/tagged_logging.rb:26:in `tagged'
activesupport (5.1.4) lib/active_support/tagged_logging.rb:69:in `tagged'
railties (5.1.4) lib/rails/rack/logger.rb:24:in `call'
sprockets-rails (3.2.1) lib/sprockets/rails/quiet_assets.rb:13:in `call'
actionpack (5.1.4) lib/action_dispatch/middleware/remote_ip.rb:79:in `call'
actionpack (5.1.4) lib/action_dispatch/middleware/request_id.rb:25:in `call'
rack (2.0.3) lib/rack/method_override.rb:22:in `call'
rack (2.0.3) lib/rack/runtime.rb:22:in `call'
activesupport (5.1.4) lib/active_support/cache/strategy/local_cache_middleware.rb:27:in `call'
actionpack (5.1.4) lib/action_dispatch/middleware/executor.rb:12:in `call'
actionpack (5.1.4) lib/action_dispatch/middleware/static.rb:125:in `call'
rack (2.0.3) lib/rack/sendfile.rb:111:in `call'
railties (5.1.4) lib/rails/engine.rb:522:in `call'
puma (3.10.0) lib/puma/configuration.rb:225:in `call'
puma (3.10.0) lib/puma/server.rb:605:in `handle_request'
puma (3.10.0) lib/puma/server.rb:437:in `process_client'
puma (3.10.0) lib/puma/server.rb:301:in `block in run'
puma (3.10.0) lib/puma/thread_pool.rb:120:in `block in spawn_thread'
  [1m[35m (33.3ms)[0m  [1m[35mCREATE TABLE "schema_migrations" ("version" character varying NOT NULL PRIMARY KEY)[0m
  [1m[35m (11.9ms)[0m  [1m[35mCREATE TABLE "ar_internal_metadata" ("key" character varying NOT NULL PRIMARY KEY, "value" character varying, "created_at" timestamp NOT NULL, "updated_at" timestamp NOT NULL)[0m
  [1m[35m (0.1ms)[0m  [1m[34mSELECT pg_try_advisory_lock(8436577896802595925)[0m
  [1m[35m (0.3ms)[0m  [1m[34mSELECT "schema_migrations"."version" FROM "schema_migrations" ORDER BY "schema_migrations"."version" ASC[0m
Migrating to CreateRestaurants (20171009234647)
  [1m[35m (0.1ms)[0m  [1m[35mBEGIN[0m
  [1m[35m (17.9ms)[0m  [1m[35mCREATE TABLE "restaurants" ("id" bigserial primary key, "name" character varying, "created_at" timestamp NOT NULL, "updated_at" timestamp NOT NULL)[0m
  [1m[35mSQL (4.4ms)[0m  [1m[32mINSERT INTO "schema_migrations" ("version") VALUES ($1) RETURNING "version"[0m  [["version", "20171009234647"]]
  [1m[35m (3.3ms)[0m  [1m[35mCOMMIT[0m
  [1m[36mActiveRecord::InternalMetadata Load (0.2ms)[0m  [1m[34mSELECT  "ar_internal_metadata".* FROM "ar_internal_metadata" WHERE "ar_internal_metadata"."key" = $1 LIMIT $2[0m  [["key", "environment"], ["LIMIT", 1]]
  [1m[35m (0.1ms)[0m  [1m[35mBEGIN[0m
  [1m[35mSQL (0.3ms)[0m  [1m[32mINSERT INTO "ar_internal_metadata" ("key", "value", "created_at", "updated_at") VALUES ($1, $2, $3, $4) RETURNING "key"[0m  [["key", "environment"], ["value", "development"], ["created_at", "2017-10-09 23:57:31.488707"], ["updated_at", "2017-10-09 23:57:31.488707"]]
  [1m[35m (1.7ms)[0m  [1m[35mCOMMIT[0m
  [1m[35m (0.2ms)[0m  [1m[34mSELECT pg_advisory_unlock(8436577896802595925)[0m
  [1m[35m (0.2ms)[0m  [1m[34mSELECT "schema_migrations"."version" FROM "schema_migrations" ORDER BY "schema_migrations"."version" ASC[0m
Started GET "/" for 127.0.0.1 at 2017-10-09 19:59:27 -0400
  [1m[35m (0.5ms)[0m  [1m[34mSELECT "schema_migrations"."version" FROM "schema_migrations" ORDER BY "schema_migrations"."version" ASC[0m
Processing by Rails::WelcomeController#index as HTML
  Rendering /home/joshuaneedle/.rvm/gems/ruby-2.4.0/gems/railties-5.1.4/lib/rails/templates/rails/welcome/index.html.erb
  Rendered /home/joshuaneedle/.rvm/gems/ruby-2.4.0/gems/railties-5.1.4/lib/rails/templates/rails/welcome/index.html.erb (1.8ms)
Completed 200 OK in 21ms (Views: 9.7ms | ActiveRecord: 0.0ms)


Started GET "/restaurants" for 127.0.0.1 at 2017-10-09 20:07:35 -0400
Processing by RestaurantsController#index as HTML
  Rendering restaurants/index.html.erb within layouts/application
  [1m[36mRestaurant Load (0.7ms)[0m  [1m[34mSELECT "restaurants".* FROM "restaurants"[0m
  Rendered restaurants/index.html.erb within layouts/application (21.8ms)
Completed 200 OK in 1214ms (Views: 1194.3ms | ActiveRecord: 11.5ms)


Started GET "/restaurants/new" for 127.0.0.1 at 2017-10-09 20:07:40 -0400
Processing by RestaurantsController#new as HTML
  Rendering restaurants/new.html.erb within layouts/application
  Rendered restaurants/_form.html.erb (23.5ms)
  Rendered restaurants/new.html.erb within layouts/application (25.8ms)
Completed 200 OK in 70ms (Views: 60.5ms | ActiveRecord: 1.7ms)


Started POST "/restaurants" for 127.0.0.1 at 2017-10-09 20:08:02 -0400
Processing by RestaurantsController#create as HTML
  Parameters: {"utf8"=>"✓", "authenticity_token"=>"I3rhRb6uUzetzkkN5aVl018KMgRlPPY+SdTmpDh6dznyyzdSGvhWO1GS2eLpZwiA9Uqysrhr1TL4ygJ4WKbbdQ==", "restaurant"=>{"name"=>"Jake and Joe's"}, "commit"=>"Create Restaurant"}
  [1m[35m (3.9ms)[0m  [1m[35mBEGIN[0m
  [1m[35mSQL (3.1ms)[0m  [1m[32mINSERT INTO "restaurants" ("name", "created_at", "updated_at") VALUES ($1, $2, $3) RETURNING "id"[0m  [["name", "Jake and Joe's"], ["created_at", "2017-10-10 00:08:02.742357"], ["updated_at", "2017-10-10 00:08:02.742357"]]
  [1m[35m (2.3ms)[0m  [1m[35mCOMMIT[0m
Redirected to http://localhost:3000/restaurants/1
Completed 302 Found in 14ms (ActiveRecord: 9.3ms)


Started GET "/restaurants/1" for 127.0.0.1 at 2017-10-09 20:08:02 -0400
Processing by RestaurantsController#show as HTML
  Parameters: {"id"=>"1"}
  [1m[36mRestaurant Load (0.3ms)[0m  [1m[34mSELECT  "restaurants".* FROM "restaurants" WHERE "restaurants"."id" = $1 LIMIT $2[0m  [["id", 1], ["LIMIT", 1]]
  Rendering restaurants/show.html.erb within layouts/application
  Rendered restaurants/show.html.erb within layouts/application (1.1ms)
Completed 200 OK in 71ms (Views: 62.1ms | ActiveRecord: 0.6ms)


  [1m[35m (0.1ms)[0m  [1m[34mSELECT pg_try_advisory_lock(8436577896802595925)[0m
  [1m[35m (0.5ms)[0m  [1m[34mSELECT "schema_migrations"."version" FROM "schema_migrations" ORDER BY "schema_migrations"."version" ASC[0m
Migrating to AddAddressToRestaurants (20171010002740)
  [1m[35m (0.1ms)[0m  [1m[35mBEGIN[0m
  [1m[35m (0.3ms)[0m  [1m[35mALTER TABLE "restaurants" ADD "address" character varying[0m
  [1m[35mSQL (0.4ms)[0m  [1m[32mINSERT INTO "schema_migrations" ("version") VALUES ($1) RETURNING "version"[0m  [["version", "20171010002740"]]
  [1m[35m (9.0ms)[0m  [1m[35mCOMMIT[0m
  [1m[36mActiveRecord::InternalMetadata Load (0.2ms)[0m  [1m[34mSELECT  "ar_internal_metadata".* FROM "ar_internal_metadata" WHERE "ar_internal_metadata"."key" = $1 LIMIT $2[0m  [["key", "environment"], ["LIMIT", 1]]
  [1m[35m (0.1ms)[0m  [1m[35mBEGIN[0m
  [1m[35m (0.1ms)[0m  [1m[35mCOMMIT[0m
  [1m[35m (0.1ms)[0m  [1m[34mSELECT pg_advisory_unlock(8436577896802595925)[0m
  [1m[35m (0.2ms)[0m  [1m[34mSELECT "schema_migrations"."version" FROM "schema_migrations" ORDER BY "schema_migrations"."version" ASC[0m
Started GET "/restaurants/1" for 127.0.0.1 at 2017-10-09 20:28:41 -0400
  [1m[35m (1.9ms)[0m  [1m[34mSELECT "schema_migrations"."version" FROM "schema_migrations" ORDER BY "schema_migrations"."version" ASC[0m
Processing by RestaurantsController#show as HTML
  Parameters: {"id"=>"1"}
  [1m[36mRestaurant Load (1.1ms)[0m  [1m[34mSELECT  "restaurants".* FROM "restaurants" WHERE "restaurants"."id" = $1 LIMIT $2[0m  [["id", 1], ["LIMIT", 1]]
  Rendering restaurants/show.html.erb within layouts/application
  Rendered restaurants/show.html.erb within layouts/application (1.0ms)
Completed 200 OK in 308ms (Views: 266.6ms | ActiveRecord: 8.8ms)


Started GET "/restaurants" for 127.0.0.1 at 2017-10-09 20:28:48 -0400
Processing by RestaurantsController#index as HTML
  Rendering restaurants/index.html.erb within layouts/application
  [1m[36mRestaurant Load (0.2ms)[0m  [1m[34mSELECT "restaurants".* FROM "restaurants"[0m
  Rendered restaurants/index.html.erb within layouts/application (5.1ms)
Completed 200 OK in 33ms (Views: 32.2ms | ActiveRecord: 0.2ms)


Started GET "/restaurants/1/edit" for 127.0.0.1 at 2017-10-09 20:28:52 -0400
Processing by RestaurantsController#edit as HTML
  Parameters: {"id"=>"1"}
  [1m[36mRestaurant Load (0.2ms)[0m  [1m[34mSELECT  "restaurants".* FROM "restaurants" WHERE "restaurants"."id" = $1 LIMIT $2[0m  [["id", 1], ["LIMIT", 1]]
  Rendering restaurants/edit.html.erb within layouts/application
  Rendered restaurants/_form.html.erb (17.2ms)
  Rendered restaurants/edit.html.erb within layouts/application (20.6ms)
Completed 200 OK in 85ms (Views: 83.4ms | ActiveRecord: 0.2ms)


Started GET "/restaurants/1/edit" for 127.0.0.1 at 2017-10-09 20:32:15 -0400
Processing by RestaurantsController#edit as HTML
  Parameters: {"id"=>"1"}
  [1m[36mRestaurant Load (0.3ms)[0m  [1m[34mSELECT  "restaurants".* FROM "restaurants" WHERE "restaurants"."id" = $1 LIMIT $2[0m  [["id", 1], ["LIMIT", 1]]
  Rendering restaurants/edit.html.erb within layouts/application
  Rendered restaurants/_form.html.erb (3.8ms)
  Rendered restaurants/edit.html.erb within layouts/application (15.3ms)
Completed 200 OK in 55ms (Views: 53.1ms | ActiveRecord: 0.3ms)


Started PATCH "/restaurants/1" for 127.0.0.1 at 2017-10-09 20:35:16 -0400
Processing by RestaurantsController#update as HTML
  Parameters: {"utf8"=>"✓", "authenticity_token"=>"jHyGfIcg7qr21P7+LVLFcV+H6JF1lfkwOGIqtrp76ikP2/WEuYTffRHegyZniXebFKkGI0LR6ngo+/PkkFFgWw==", "restaurant"=>{"name"=>"Jake and Joe's", "address"=>"25 Washington Street, Canton MA"}, "commit"=>"Update Restaurant", "id"=>"1"}
  [1m[36mRestaurant Load (0.2ms)[0m  [1m[34mSELECT  "restaurants".* FROM "restaurants" WHERE "restaurants"."id" = $1 LIMIT $2[0m  [["id", 1], ["LIMIT", 1]]
Unpermitted parameter: :address
  [1m[35m (0.1ms)[0m  [1m[35mBEGIN[0m
  [1m[35m (2.1ms)[0m  [1m[35mCOMMIT[0m
Redirected to http://localhost:3000/restaurants/1
Completed 302 Found in 7ms (ActiveRecord: 2.3ms)


Started GET "/restaurants/1" for 127.0.0.1 at 2017-10-09 20:35:16 -0400
Processing by RestaurantsController#show as HTML
  Parameters: {"id"=>"1"}
  [1m[36mRestaurant Load (0.2ms)[0m  [1m[34mSELECT  "restaurants".* FROM "restaurants" WHERE "restaurants"."id" = $1 LIMIT $2[0m  [["id", 1], ["LIMIT", 1]]
  Rendering restaurants/show.html.erb within layouts/application
  Rendered restaurants/show.html.erb within layouts/application (1.1ms)
Completed 200 OK in 68ms (Views: 66.4ms | ActiveRecord: 0.2ms)


Started GET "/restaurants/1" for 127.0.0.1 at 2017-10-09 20:38:30 -0400
Processing by RestaurantsController#show as HTML
  Parameters: {"id"=>"1"}
  [1m[36mRestaurant Load (0.2ms)[0m  [1m[34mSELECT  "restaurants".* FROM "restaurants" WHERE "restaurants"."id" = $1 LIMIT $2[0m  [["id", 1], ["LIMIT", 1]]
  Rendering restaurants/show.html.erb within layouts/application
  Rendered restaurants/show.html.erb within layouts/application (0.8ms)
Completed 200 OK in 55ms (Views: 52.8ms | ActiveRecord: 0.2ms)


Started GET "/restaurants/1" for 127.0.0.1 at 2017-10-09 20:38:32 -0400
Processing by RestaurantsController#show as HTML
  Parameters: {"id"=>"1"}
  [1m[36mRestaurant Load (0.1ms)[0m  [1m[34mSELECT  "restaurants".* FROM "restaurants" WHERE "restaurants"."id" = $1 LIMIT $2[0m  [["id", 1], ["LIMIT", 1]]
  Rendering restaurants/show.html.erb within layouts/application
  Rendered restaurants/show.html.erb within layouts/application (1.0ms)
Completed 200 OK in 58ms (Views: 55.9ms | ActiveRecord: 0.1ms)


Started GET "/restaurants/1/edit" for 127.0.0.1 at 2017-10-09 20:38:34 -0400
Processing by RestaurantsController#edit as HTML
  Parameters: {"id"=>"1"}
  [1m[36mRestaurant Load (0.1ms)[0m  [1m[34mSELECT  "restaurants".* FROM "restaurants" WHERE "restaurants"."id" = $1 LIMIT $2[0m  [["id", 1], ["LIMIT", 1]]
  Rendering restaurants/edit.html.erb within layouts/application
  Rendered restaurants/_form.html.erb (7.9ms)
  Rendered restaurants/edit.html.erb within layouts/application (14.3ms)
Completed 200 OK in 54ms (Views: 52.5ms | ActiveRecord: 0.1ms)


Started PATCH "/restaurants/1" for 127.0.0.1 at 2017-10-09 20:38:39 -0400
Processing by RestaurantsController#update as HTML
  Parameters: {"utf8"=>"✓", "authenticity_token"=>"3NLjn5Oos6/CsjPGloR1eh4k9PCJsP4G1wqZ2ee9eodCFcbty09OtI8e0/b3ONpBVtMgF/tVvXKX32AmP4S0Bw==", "restaurant"=>{"name"=>"Jake and Joe's", "address"=>"25 Washington Street, Canton MA"}, "commit"=>"Update Restaurant", "id"=>"1"}
  [1m[36mRestaurant Load (0.4ms)[0m  [1m[34mSELECT  "restaurants".* FROM "restaurants" WHERE "restaurants"."id" = $1 LIMIT $2[0m  [["id", 1], ["LIMIT", 1]]
Unpermitted parameter: :address
  [1m[35m (0.4ms)[0m  [1m[35mBEGIN[0m
  [1m[35m (1.7ms)[0m  [1m[35mCOMMIT[0m
Redirected to http://localhost:3000/restaurants/1
Completed 302 Found in 8ms (ActiveRecord: 2.6ms)


Started GET "/restaurants/1" for 127.0.0.1 at 2017-10-09 20:38:39 -0400
Processing by RestaurantsController#show as HTML
  Parameters: {"id"=>"1"}
  [1m[36mRestaurant Load (0.1ms)[0m  [1m[34mSELECT  "restaurants".* FROM "restaurants" WHERE "restaurants"."id" = $1 LIMIT $2[0m  [["id", 1], ["LIMIT", 1]]
  Rendering restaurants/show.html.erb within layouts/application
  Rendered restaurants/show.html.erb within layouts/application (0.6ms)
Completed 200 OK in 42ms (Views: 39.9ms | ActiveRecord: 0.1ms)


Started GET "/restaurants/1" for 127.0.0.1 at 2017-10-09 20:40:56 -0400
Processing by RestaurantsController#show as HTML
  Parameters: {"id"=>"1"}
  [1m[36mRestaurant Load (0.2ms)[0m  [1m[34mSELECT  "restaurants".* FROM "restaurants" WHERE "restaurants"."id" = $1 LIMIT $2[0m  [["id", 1], ["LIMIT", 1]]
  Rendering restaurants/show.html.erb within layouts/application
  Rendered restaurants/show.html.erb within layouts/application (0.8ms)
Completed 200 OK in 47ms (Views: 43.0ms | ActiveRecord: 0.2ms)


Started GET "/restaurants/1" for 127.0.0.1 at 2017-10-09 20:40:58 -0400
Processing by RestaurantsController#show as HTML
  Parameters: {"id"=>"1"}
  [1m[36mRestaurant Load (0.1ms)[0m  [1m[34mSELECT  "restaurants".* FROM "restaurants" WHERE "restaurants"."id" = $1 LIMIT $2[0m  [["id", 1], ["LIMIT", 1]]
  Rendering restaurants/show.html.erb within layouts/application
  Rendered restaurants/show.html.erb within layouts/application (0.6ms)
Completed 200 OK in 53ms (Views: 51.0ms | ActiveRecord: 0.1ms)


Started GET "/restaurants" for 127.0.0.1 at 2017-10-09 20:41:01 -0400
Processing by RestaurantsController#index as HTML
  Rendering restaurants/index.html.erb within layouts/application
  [1m[36mRestaurant Load (2.5ms)[0m  [1m[34mSELECT "restaurants".* FROM "restaurants"[0m
  Rendered restaurants/index.html.erb within layouts/application (5.0ms)
Completed 200 OK in 80ms (Views: 76.0ms | ActiveRecord: 2.5ms)


Started GET "/restaurants/1/edit" for 127.0.0.1 at 2017-10-09 20:41:35 -0400
Processing by RestaurantsController#edit as HTML
  Parameters: {"id"=>"1"}
  [1m[36mRestaurant Load (0.1ms)[0m  [1m[34mSELECT  "restaurants".* FROM "restaurants" WHERE "restaurants"."id" = $1 LIMIT $2[0m  [["id", 1], ["LIMIT", 1]]
  Rendering restaurants/edit.html.erb within layouts/application
  Rendered restaurants/_form.html.erb (7.1ms)
  Rendered restaurants/edit.html.erb within layouts/application (8.2ms)
Completed 200 OK in 43ms (Views: 41.5ms | ActiveRecord: 0.1ms)


Started PATCH "/restaurants/1" for 127.0.0.1 at 2017-10-09 20:41:40 -0400
Processing by RestaurantsController#update as HTML
  Parameters: {"utf8"=>"✓", "authenticity_token"=>"lhDKHiFkvqGWNU4Egb2gryeP9X/WQEacKD0sDKdSZWcI1+9seYNDutuZrjTgAQ+Ub3ghmKSlBeho6NXzf2ur5w==", "restaurant"=>{"name"=>"Jake and Joe's", "address"=>"25 Washington Street, Canton MA"}, "commit"=>"Update Restaurant", "id"=>"1"}
  [1m[36mRestaurant Load (0.1ms)[0m  [1m[34mSELECT  "restaurants".* FROM "restaurants" WHERE "restaurants"."id" = $1 LIMIT $2[0m  [["id", 1], ["LIMIT", 1]]
Unpermitted parameter: :address
  [1m[35m (0.6ms)[0m  [1m[35mBEGIN[0m
  [1m[35m (1.3ms)[0m  [1m[35mCOMMIT[0m
Redirected to http://localhost:3000/restaurants/1
Completed 302 Found in 8ms (ActiveRecord: 2.0ms)


Started GET "/restaurants/1" for 127.0.0.1 at 2017-10-09 20:41:40 -0400
Processing by RestaurantsController#show as HTML
  Parameters: {"id"=>"1"}
  [1m[36mRestaurant Load (1.2ms)[0m  [1m[34mSELECT  "restaurants".* FROM "restaurants" WHERE "restaurants"."id" = $1 LIMIT $2[0m  [["id", 1], ["LIMIT", 1]]
  Rendering restaurants/show.html.erb within layouts/application
  Rendered restaurants/show.html.erb within layouts/application (0.6ms)
Completed 200 OK in 35ms (Views: 29.3ms | ActiveRecord: 1.2ms)


Started GET "/restaurants/1/edit" for 127.0.0.1 at 2017-10-09 20:41:43 -0400
Processing by RestaurantsController#edit as HTML
  Parameters: {"id"=>"1"}
  [1m[36mRestaurant Load (0.2ms)[0m  [1m[34mSELECT  "restaurants".* FROM "restaurants" WHERE "restaurants"."id" = $1 LIMIT $2[0m  [["id", 1], ["LIMIT", 1]]
  Rendering restaurants/edit.html.erb within layouts/application
  Rendered restaurants/_form.html.erb (1.7ms)
  Rendered restaurants/edit.html.erb within layouts/application (5.8ms)
Completed 200 OK in 45ms (Views: 42.7ms | ActiveRecord: 0.2ms)


Started GET "/restaurants" for 127.0.0.1 at 2017-10-09 20:51:33 -0400
Processing by RestaurantsController#index as HTML
  Rendering restaurants/index.html.erb within layouts/application
  [1m[36mRestaurant Load (0.2ms)[0m  [1m[34mSELECT "restaurants".* FROM "restaurants"[0m
  Rendered restaurants/index.html.erb within layouts/application (4.9ms)
Completed 200 OK in 36ms (Views: 34.9ms | ActiveRecord: 0.2ms)


Started GET "/restaurants/new" for 127.0.0.1 at 2017-10-09 20:51:35 -0400
Processing by RestaurantsController#new as HTML
  Rendering restaurants/new.html.erb within layouts/application
  Rendered restaurants/_form.html.erb (20.7ms)
  Rendered restaurants/new.html.erb within layouts/application (24.9ms)
Completed 200 OK in 70ms (Views: 67.2ms | ActiveRecord: 0.0ms)


Started POST "/restaurants" for 127.0.0.1 at 2017-10-09 20:52:12 -0400
Processing by RestaurantsController#create as HTML
  Parameters: {"utf8"=>"✓", "authenticity_token"=>"nVfFihFqkWd4c93KAKbBZDKsDur9dHg9FqcolR76VAVM5hOdtTyUa4QvTSUMZKw3mOyOXCAjWzGnucxJfib4SQ==", "restaurant"=>{"name"=>"110 Main Street Grille", "address"=>"110 Main Street, Braintree, MA 02188"}, "commit"=>"Create Restaurant"}
Unpermitted parameter: :address
  [1m[35m (1.4ms)[0m  [1m[35mBEGIN[0m
  [1m[35mSQL (1.8ms)[0m  [1m[32mINSERT INTO "restaurants" ("name", "created_at", "updated_at") VALUES ($1, $2, $3) RETURNING "id"[0m  [["name", "110 Main Street Grille"], ["created_at", "2017-10-10 00:52:12.867445"], ["updated_at", "2017-10-10 00:52:12.867445"]]
  [1m[35m (1.8ms)[0m  [1m[35mCOMMIT[0m
Redirected to http://localhost:3000/restaurants/2
Completed 302 Found in 14ms (ActiveRecord: 4.9ms)


Started GET "/restaurants/2" for 127.0.0.1 at 2017-10-09 20:52:12 -0400
Processing by RestaurantsController#show as HTML
  Parameters: {"id"=>"2"}
  [1m[36mRestaurant Load (0.1ms)[0m  [1m[34mSELECT  "restaurants".* FROM "restaurants" WHERE "restaurants"."id" = $1 LIMIT $2[0m  [["id", 2], ["LIMIT", 1]]
  Rendering restaurants/show.html.erb within layouts/application
  Rendered restaurants/show.html.erb within layouts/application (0.7ms)
Completed 200 OK in 40ms (Views: 38.4ms | ActiveRecord: 0.1ms)


Started GET "/restaurants/2/edit" for 127.0.0.1 at 2017-10-09 20:56:30 -0400
Processing by RestaurantsController#edit as HTML
  Parameters: {"id"=>"2"}
  [1m[36mRestaurant Load (1.1ms)[0m  [1m[34mSELECT  "restaurants".* FROM "restaurants" WHERE "restaurants"."id" = $1 LIMIT $2[0m  [["id", 2], ["LIMIT", 1]]
  Rendering restaurants/edit.html.erb within layouts/application
  Rendered restaurants/_form.html.erb (1.9ms)
  Rendered restaurants/edit.html.erb within layouts/application (9.0ms)
Completed 200 OK in 82ms (Views: 64.9ms | ActiveRecord: 5.5ms)


Started PATCH "/restaurants/2" for 127.0.0.1 at 2017-10-09 20:56:36 -0400
Processing by RestaurantsController#update as HTML
  Parameters: {"utf8"=>"✓", "authenticity_token"=>"bekEUzJReHG/WyIjzW3ctL2IpKHv6aeozvkVHfE3M381BWObS23iP46Ta4Gffgwy4/zLSwNmK+wbXwJmjopxuA==", "restaurant"=>{"name"=>"110 Main Street Grille", "address"=>"110 Main Street, Braintree, MA 02188"}, "commit"=>"Update Restaurant", "id"=>"2"}
  [1m[36mRestaurant Load (0.2ms)[0m  [1m[34mSELECT  "restaurants".* FROM "restaurants" WHERE "restaurants"."id" = $1 LIMIT $2[0m  [["id", 2], ["LIMIT", 1]]
  [1m[35m (0.1ms)[0m  [1m[35mBEGIN[0m
  [1m[35mSQL (1.8ms)[0m  [1m[33mUPDATE "restaurants" SET "address" = $1, "updated_at" = $2 WHERE "restaurants"."id" = $3[0m  [["address", "110 Main Street, Braintree, MA 02188"], ["updated_at", "2017-10-10 00:56:36.439199"], ["id", 2]]
  [1m[35m (2.3ms)[0m  [1m[35mCOMMIT[0m
Redirected to http://localhost:3000/restaurants/2
Completed 302 Found in 15ms (ActiveRecord: 4.4ms)


Started GET "/restaurants/2" for 127.0.0.1 at 2017-10-09 20:56:36 -0400
Processing by RestaurantsController#show as HTML
  Parameters: {"id"=>"2"}
  [1m[36mRestaurant Load (0.2ms)[0m  [1m[34mSELECT  "restaurants".* FROM "restaurants" WHERE "restaurants"."id" = $1 LIMIT $2[0m  [["id", 2], ["LIMIT", 1]]
  Rendering restaurants/show.html.erb within layouts/application
  Rendered restaurants/show.html.erb within layouts/application (0.7ms)
Completed 200 OK in 44ms (Views: 41.8ms | ActiveRecord: 0.2ms)


Started GET "/restaurants" for 127.0.0.1 at 2017-10-09 20:56:40 -0400
Processing by RestaurantsController#index as HTML
  Rendering restaurants/index.html.erb within layouts/application
  [1m[36mRestaurant Load (0.2ms)[0m  [1m[34mSELECT "restaurants".* FROM "restaurants"[0m
  Rendered restaurants/index.html.erb within layouts/application (2.2ms)
Completed 200 OK in 54ms (Views: 53.1ms | ActiveRecord: 0.2ms)


Started GET "/restaurants/1/edit" for 127.0.0.1 at 2017-10-09 20:56:43 -0400
Processing by RestaurantsController#edit as HTML
  Parameters: {"id"=>"1"}
  [1m[36mRestaurant Load (0.3ms)[0m  [1m[34mSELECT  "restaurants".* FROM "restaurants" WHERE "restaurants"."id" = $1 LIMIT $2[0m  [["id", 1], ["LIMIT", 1]]
  Rendering restaurants/edit.html.erb within layouts/application
  Rendered restaurants/_form.html.erb (3.2ms)
  Rendered restaurants/edit.html.erb within layouts/application (5.7ms)
Completed 200 OK in 43ms (Views: 39.8ms | ActiveRecord: 0.3ms)


Started PATCH "/restaurants/1" for 127.0.0.1 at 2017-10-09 20:57:13 -0400
Processing by RestaurantsController#update as HTML
  Parameters: {"utf8"=>"✓", "authenticity_token"=>"5Zb8PZpjqSIQ5z0GL7GpTLhW58uJtgmo/txavI7q4h97UdlPwoRUOV1L3TZODQZ38KEzLPtTSty+CaNDVtMsnw==", "restaurant"=>{"name"=>"Jake and Joe's", "address"=>"475 Providence Hwy, Norwood, MA 02062"}, "commit"=>"Update Restaurant", "id"=>"1"}
  [1m[36mRestaurant Load (2.0ms)[0m  [1m[34mSELECT  "restaurants".* FROM "restaurants" WHERE "restaurants"."id" = $1 LIMIT $2[0m  [["id", 1], ["LIMIT", 1]]
  [1m[35m (0.1ms)[0m  [1m[35mBEGIN[0m
  [1m[35mSQL (3.1ms)[0m  [1m[33mUPDATE "restaurants" SET "address" = $1, "updated_at" = $2 WHERE "restaurants"."id" = $3[0m  [["address", "475 Providence Hwy, Norwood, MA 02062"], ["updated_at", "2017-10-10 00:57:13.801032"], ["id", 1]]
  [1m[35m (7.5ms)[0m  [1m[35mCOMMIT[0m
Redirected to http://localhost:3000/restaurants/1
Completed 302 Found in 20ms (ActiveRecord: 12.7ms)


Started GET "/restaurants/1" for 127.0.0.1 at 2017-10-09 20:57:13 -0400
Processing by RestaurantsController#show as HTML
  Parameters: {"id"=>"1"}
  [1m[36mRestaurant Load (0.1ms)[0m  [1m[34mSELECT  "restaurants".* FROM "restaurants" WHERE "restaurants"."id" = $1 LIMIT $2[0m  [["id", 1], ["LIMIT", 1]]
  Rendering restaurants/show.html.erb within layouts/application
  Rendered restaurants/show.html.erb within layouts/application (2.0ms)
Completed 200 OK in 46ms (Views: 43.9ms | ActiveRecord: 0.1ms)


Started GET "/restaurants" for 127.0.0.1 at 2017-10-09 20:57:16 -0400
Processing by RestaurantsController#index as HTML
  Rendering restaurants/index.html.erb within layouts/application
  [1m[36mRestaurant Load (0.5ms)[0m  [1m[34mSELECT "restaurants".* FROM "restaurants"[0m
  Rendered restaurants/index.html.erb within layouts/application (5.9ms)
Completed 200 OK in 83ms (Views: 81.2ms | ActiveRecord: 0.5ms)


  [1m[35m (0.1ms)[0m  [1m[34mSELECT pg_try_advisory_lock(8436577896802595925)[0m
  [1m[35m (0.4ms)[0m  [1m[34mSELECT "schema_migrations"."version" FROM "schema_migrations" ORDER BY "schema_migrations"."version" ASC[0m
Migrating to AddLatitudeAndLongitudeToModel (20171010011216)
  [1m[35m (0.1ms)[0m  [1m[35mBEGIN[0m
  [1m[35m (0.6ms)[0m  [1m[35mALTER TABLE "models" ADD "latitude" float[0m
  [1m[35m (0.1ms)[0m  [1m[31mROLLBACK[0m
  [1m[35m (0.2ms)[0m  [1m[34mSELECT pg_advisory_unlock(8436577896802595925)[0m
  [1m[35m (0.1ms)[0m  [1m[34mSELECT pg_try_advisory_lock(8436577896802595925)[0m
  [1m[35m (0.4ms)[0m  [1m[34mSELECT "schema_migrations"."version" FROM "schema_migrations" ORDER BY "schema_migrations"."version" ASC[0m
Migrating to AddLatitudeAndLongitudeToModel (20171010011216)
  [1m[35m (0.1ms)[0m  [1m[35mBEGIN[0m
  [1m[35m (0.3ms)[0m  [1m[35mALTER TABLE "restaurants" ADD "latitude" float[0m
  [1m[35m (0.1ms)[0m  [1m[35mALTER TABLE "restaurants" ADD "longitude" float[0m
  [1m[35mSQL (0.2ms)[0m  [1m[32mINSERT INTO "schema_migrations" ("version") VALUES ($1) RETURNING "version"[0m  [["version", "20171010011216"]]
  [1m[35m (8.8ms)[0m  [1m[35mCOMMIT[0m
  [1m[36mActiveRecord::InternalMetadata Load (0.2ms)[0m  [1m[34mSELECT  "ar_internal_metadata".* FROM "ar_internal_metadata" WHERE "ar_internal_metadata"."key" = $1 LIMIT $2[0m  [["key", "environment"], ["LIMIT", 1]]
  [1m[35m (3.5ms)[0m  [1m[35mBEGIN[0m
  [1m[35m (0.1ms)[0m  [1m[35mCOMMIT[0m
  [1m[35m (0.2ms)[0m  [1m[34mSELECT pg_advisory_unlock(8436577896802595925)[0m
  [1m[35m (0.2ms)[0m  [1m[34mSELECT "schema_migrations"."version" FROM "schema_migrations" ORDER BY "schema_migrations"."version" ASC[0m
Started GET "/restaurants" for 127.0.0.1 at 2017-10-09 21:41:24 -0400
  [1m[35m (0.5ms)[0m  [1m[34mSELECT "schema_migrations"."version" FROM "schema_migrations" ORDER BY "schema_migrations"."version" ASC[0m
Processing by RestaurantsController#index as HTML
Completed 500 Internal Server Error in 47ms (ActiveRecord: 1.7ms)


  
NoMethodError (undefined method `geocoded_by' for #<Class:0x0000000394d100>):
  
app/models/restaurant.rb:2:in `<class:Restaurant>'
app/models/restaurant.rb:1:in `<top (required)>'
app/controllers/restaurants_controller.rb:7:in `index'
Started GET "/restaurants" for 127.0.0.1 at 2017-10-09 21:53:12 -0400
  [1m[35m (0.2ms)[0m  [1m[34mSELECT "schema_migrations"."version" FROM "schema_migrations" ORDER BY "schema_migrations"."version" ASC[0m
Processing by RestaurantsController#index as HTML
  Rendering restaurants/index.html.erb within layouts/application
  [1m[36mRestaurant Load (2.6ms)[0m  [1m[34mSELECT "restaurants".* FROM "restaurants"[0m
  Rendered restaurants/index.html.erb within layouts/application (20.2ms)
Completed 200 OK in 425ms (Views: 414.8ms | ActiveRecord: 3.8ms)


Started GET "/restaurants" for 127.0.0.1 at 2017-10-09 21:59:22 -0400
Processing by RestaurantsController#index as HTML
  Rendering restaurants/index.html.erb within layouts/application
  [1m[36mRestaurant Load (0.6ms)[0m  [1m[34mSELECT "restaurants".* FROM "restaurants"[0m
  Rendered restaurants/index.html.erb within layouts/application (443.8ms)
Completed 500 Internal Server Error in 458ms (ActiveRecord: 0.6ms)


  
ActionView::Template::Error (undefined local variable or method `location' for #<#<Class:0x007f0bb411ab68>:0x007f0bb4118f48>
Did you mean?  localize):
    16:       <tr>
    17:         <td><%= restaurant.name %></td>
    18:         <td><%= restaurant.address %> </td>
    19:         <td><%= image_tag google_map(center: location.address) %> </td>
    20:         <td><%= link_to 'Show', restaurant %></td>
    21:         <td><%= link_to 'Edit', edit_restaurant_path(restaurant) %></td>
    22:         <td><%= link_to 'Destroy', restaurant, method: :delete, data: { confirm: 'Are you sure?' } %></td>
  
app/views/restaurants/index.html.erb:19:in `block in _app_views_restaurants_index_html_erb__2549715156292060929_69844121213440'
app/views/restaurants/index.html.erb:15:in `_app_views_restaurants_index_html_erb__2549715156292060929_69844121213440'
Started GET "/restaurants" for 127.0.0.1 at 2017-10-09 22:07:59 -0400
Processing by RestaurantsController#index as HTML
Completed 500 Internal Server Error in 27ms (ActiveRecord: 0.0ms)


  
NoMethodError (undefined method `geocoded_by' for #<Class:0x007f0bb5894488>):
  
app/models/restaurant.rb:2:in `<class:Restaurant>'
app/models/restaurant.rb:1:in `<top (required)>'
app/controllers/restaurants_controller.rb:7:in `index'
Started GET "/restaurants" for 127.0.0.1 at 2017-10-09 22:11:10 -0400
Processing by RestaurantsController#index as HTML
Completed 500 Internal Server Error in 55ms (ActiveRecord: 0.0ms)


  
NoMethodError (undefined method `reverse_geocoded_by' for #<Class:0x007f0ba95b9760>):
  
app/models/restaurant.rb:2:in `<class:Restaurant>'
app/models/restaurant.rb:1:in `<top (required)>'
app/controllers/restaurants_controller.rb:7:in `index'
